Classic Timing Analyzer report for top
Sun May 17 19:06:05 2020
Quartus II Version 9.0 Build 132 02/25/2009 SJ Full Version


---------------------
; Table of Contents ;
---------------------
  1. Legal Notice
  2. Timing Analyzer Summary
  3. Timing Analyzer Settings
  4. Clock Settings Summary
  5. Parallel Compilation
  6. Clock Setup: 'clk'
  7. Clock Hold: 'clk'
  8. tco
  9. tpd
 10. Timing Analyzer Messages



----------------
; Legal Notice ;
----------------
Copyright (C) 1991-2009 Altera Corporation
Your use of Altera Corporation's design tools, logic functions 
and other software and tools, and its AMPP partner logic 
functions, and any output files from any of the foregoing 
(including device programming or simulation files), and any 
associated documentation or information are expressly subject 
to the terms and conditions of the Altera Program License 
Subscription Agreement, Altera MegaCore Function License 
Agreement, or other applicable license agreement, including, 
without limitation, that your use is for the sole purpose of 
programming logic devices manufactured by Altera and sold by 
Altera or its authorized distributors.  Please refer to the 
applicable agreement for further details.



+--------------------------------------------------------------------------------------------------------------------------------------------------------------------------------------------------------------------------+
; Timing Analyzer Summary                                                                                                                                                                                                  ;
+------------------------------+------------------------------------------+---------------+----------------------------------+------------------------------+-----------------------+------------+----------+--------------+
; Type                         ; Slack                                    ; Required Time ; Actual Time                      ; From                         ; To                    ; From Clock ; To Clock ; Failed Paths ;
+------------------------------+------------------------------------------+---------------+----------------------------------+------------------------------+-----------------------+------------+----------+--------------+
; Worst-case tco               ; N/A                                      ; None          ; 18.351 ns                        ; Temp_MUX:mux|s_out[0]        ; seg_out[6]            ; clk        ; --       ; 0            ;
; Worst-case tpd               ; N/A                                      ; None          ; 15.468 ns                        ; pol                          ; seg_out[6]            ; --         ; --       ; 0            ;
; Clock Setup: 'clk'           ; N/A                                      ; None          ; 200.96 MHz ( period = 4.976 ns ) ; CMPT_BCD:compteur|digit_2[2] ; Temp_MUX:mux|s_out[2] ; clk        ; clk      ; 0            ;
; Clock Hold: 'clk'            ; Not operational: Clock Skew > Data Delay ; None          ; N/A                              ; Temp_MUX:mux|count[1]        ; Temp_MUX:mux|s_out[2] ; clk        ; clk      ; 16           ;
; Total number of failed paths ;                                          ;               ;                                  ;                              ;                       ;            ;          ; 16           ;
+------------------------------+------------------------------------------+---------------+----------------------------------+------------------------------+-----------------------+------------+----------+--------------+


+--------------------------------------------------------------------------------------------------------------------+
; Timing Analyzer Settings                                                                                           ;
+---------------------------------------------------------------------+--------------------+------+----+-------------+
; Option                                                              ; Setting            ; From ; To ; Entity Name ;
+---------------------------------------------------------------------+--------------------+------+----+-------------+
; Device Name                                                         ; EP2C70F896C6       ;      ;    ;             ;
; Timing Models                                                       ; Final              ;      ;    ;             ;
; Default hold multicycle                                             ; Same as Multicycle ;      ;    ;             ;
; Cut paths between unrelated clock domains                           ; On                 ;      ;    ;             ;
; Cut off read during write signal paths                              ; On                 ;      ;    ;             ;
; Cut off feedback from I/O pins                                      ; On                 ;      ;    ;             ;
; Report Combined Fast/Slow Timing                                    ; Off                ;      ;    ;             ;
; Ignore Clock Settings                                               ; Off                ;      ;    ;             ;
; Analyze latches as synchronous elements                             ; On                 ;      ;    ;             ;
; Enable Recovery/Removal analysis                                    ; Off                ;      ;    ;             ;
; Enable Clock Latency                                                ; Off                ;      ;    ;             ;
; Use TimeQuest Timing Analyzer                                       ; Off                ;      ;    ;             ;
; Minimum Core Junction Temperature                                   ; 0                  ;      ;    ;             ;
; Maximum Core Junction Temperature                                   ; 85                 ;      ;    ;             ;
; Number of source nodes to report per destination node               ; 10                 ;      ;    ;             ;
; Number of destination nodes to report                               ; 10                 ;      ;    ;             ;
; Number of paths to report                                           ; 200                ;      ;    ;             ;
; Report Minimum Timing Checks                                        ; Off                ;      ;    ;             ;
; Use Fast Timing Models                                              ; Off                ;      ;    ;             ;
; Report IO Paths Separately                                          ; Off                ;      ;    ;             ;
; Perform Multicorner Analysis                                        ; On                 ;      ;    ;             ;
; Reports the worst-case path for each clock domain and analysis      ; Off                ;      ;    ;             ;
; Removes common clock path pessimism (CCPP) during slack computation ; Off                ;      ;    ;             ;
; Output I/O Timing Endpoint                                          ; Near End           ;      ;    ;             ;
+---------------------------------------------------------------------+--------------------+------+----+-------------+


+------------------------------------------------------------------------------------------------------------------------------------------------------------------------------------+
; Clock Settings Summary                                                                                                                                                             ;
+-----------------+--------------------+----------+------------------+---------------+--------------+----------+-----------------------+---------------------+--------+--------------+
; Clock Node Name ; Clock Setting Name ; Type     ; Fmax Requirement ; Early Latency ; Late Latency ; Based on ; Multiply Base Fmax by ; Divide Base Fmax by ; Offset ; Phase offset ;
+-----------------+--------------------+----------+------------------+---------------+--------------+----------+-----------------------+---------------------+--------+--------------+
; clk             ;                    ; User Pin ; None             ; 0.000 ns      ; 0.000 ns     ; --       ; N/A                   ; N/A                 ; N/A    ;              ;
+-----------------+--------------------+----------+------------------+---------------+--------------+----------+-----------------------+---------------------+--------+--------------+


+------------------------------------------+
; Parallel Compilation                     ;
+----------------------------+-------------+
; Processors                 ; Number      ;
+----------------------------+-------------+
; Number detected on machine ; 2           ;
; Maximum allowed            ; 2           ;
;                            ;             ;
; Average used               ; 1.00        ;
; Maximum used               ; 1           ;
;                            ;             ;
; Usage by Processor         ; % Time Used ;
;     1 processor            ; 100.0%      ;
;     2 processors           ;   0.0%      ;
+----------------------------+-------------+


+--------------------------------------------------------------------------------------------------------------------------------------------------------------------------------------------------------------------------------------------------------------------+
; Clock Setup: 'clk'                                                                                                                                                                                                                                                 ;
+-----------------------------------------+-----------------------------------------------------+------------------------------+-------------------------+------------+----------+-----------------------------+---------------------------+-------------------------+
; Slack                                   ; Actual fmax (period)                                ; From                         ; To                      ; From Clock ; To Clock ; Required Setup Relationship ; Required Longest P2P Time ; Actual Longest P2P Time ;
+-----------------------------------------+-----------------------------------------------------+------------------------------+-------------------------+------------+----------+-----------------------------+---------------------------+-------------------------+
; N/A                                     ; 200.96 MHz ( period = 4.976 ns )                    ; CMPT_BCD:compteur|digit_2[2] ; Temp_MUX:mux|s_out[2]   ; clk        ; clk      ; None                        ; None                      ; 1.459 ns                ;
; N/A                                     ; 204.83 MHz ( period = 4.882 ns )                    ; CMPT_BCD:compteur|digit_1[2] ; Temp_MUX:mux|s_out[2]   ; clk        ; clk      ; None                        ; None                      ; 1.414 ns                ;
; N/A                                     ; 208.51 MHz ( period = 4.796 ns )                    ; CMPT_BCD:compteur|digit_2[1] ; Temp_MUX:mux|s_out[1]   ; clk        ; clk      ; None                        ; None                      ; 1.418 ns                ;
; N/A                                     ; 209.03 MHz ( period = 4.784 ns )                    ; CMPT_BCD:compteur|digit_1[3] ; Temp_MUX:mux|s_out[3]   ; clk        ; clk      ; None                        ; None                      ; 1.408 ns                ;
; N/A                                     ; 210.00 MHz ( period = 4.762 ns )                    ; CMPT_BCD:compteur|digit_2[0] ; Temp_MUX:mux|s_out[0]   ; clk        ; clk      ; None                        ; None                      ; 1.413 ns                ;
; N/A                                     ; 217.58 MHz ( period = 4.596 ns )                    ; CMPT_BCD:compteur|digit_0[3] ; Temp_MUX:mux|s_out[3]   ; clk        ; clk      ; None                        ; None                      ; 1.316 ns                ;
; N/A                                     ; 221.24 MHz ( period = 4.520 ns )                    ; CMPT_BCD:compteur|digit_1[1] ; Temp_MUX:mux|s_out[1]   ; clk        ; clk      ; None                        ; None                      ; 1.280 ns                ;
; N/A                                     ; 223.31 MHz ( period = 4.478 ns )                    ; CMPT_BCD:compteur|digit_2[3] ; Temp_MUX:mux|s_out[3]   ; clk        ; clk      ; None                        ; None                      ; 1.255 ns                ;
; N/A                                     ; 224.32 MHz ( period = 4.458 ns )                    ; CMPT_BCD:compteur|digit_1[0] ; Temp_MUX:mux|s_out[0]   ; clk        ; clk      ; None                        ; None                      ; 1.261 ns                ;
; N/A                                     ; 226.96 MHz ( period = 4.406 ns )                    ; CMPT_BCD:compteur|digit_0[2] ; Temp_MUX:mux|s_out[2]   ; clk        ; clk      ; None                        ; None                      ; 1.176 ns                ;
; N/A                                     ; 232.67 MHz ( period = 4.298 ns )                    ; CMPT_BCD:compteur|digit_0[0] ; Temp_MUX:mux|s_out[0]   ; clk        ; clk      ; None                        ; None                      ; 1.183 ns                ;
; N/A                                     ; 233.54 MHz ( period = 4.282 ns )                    ; CMPT_BCD:compteur|digit_0[1] ; Temp_MUX:mux|s_out[1]   ; clk        ; clk      ; None                        ; None                      ; 1.163 ns                ;
; N/A                                     ; 260.69 MHz ( period = 3.836 ns )                    ; freq_div:freq|count[0]       ; freq_div:freq|count[24] ; clk        ; clk      ; None                        ; None                      ; 3.624 ns                ;
; N/A                                     ; 263.23 MHz ( period = 3.799 ns )                    ; freq_div:freq|count[1]       ; freq_div:freq|count[24] ; clk        ; clk      ; None                        ; None                      ; 3.587 ns                ;
; N/A                                     ; 268.46 MHz ( period = 3.725 ns )                    ; freq_div:freq|count[2]       ; freq_div:freq|count[24] ; clk        ; clk      ; None                        ; None                      ; 3.513 ns                ;
; N/A                                     ; 276.09 MHz ( period = 3.622 ns )                    ; freq_div:freq|count[3]       ; freq_div:freq|count[24] ; clk        ; clk      ; None                        ; None                      ; 3.410 ns                ;
; N/A                                     ; 276.63 MHz ( period = 3.615 ns )                    ; freq_div:freq|count[0]       ; freq_div:freq|count[13] ; clk        ; clk      ; None                        ; None                      ; 3.402 ns                ;
; N/A                                     ; 277.01 MHz ( period = 3.610 ns )                    ; freq_div:freq|count[19]      ; freq_div:freq|count[16] ; clk        ; clk      ; None                        ; None                      ; 3.395 ns                ;
; N/A                                     ; 279.49 MHz ( period = 3.578 ns )                    ; freq_div:freq|count[1]       ; freq_div:freq|count[13] ; clk        ; clk      ; None                        ; None                      ; 3.365 ns                ;
; N/A                                     ; 281.45 MHz ( period = 3.553 ns )                    ; freq_div:freq|count[0]       ; freq_div:freq|count[20] ; clk        ; clk      ; None                        ; None                      ; 3.341 ns                ;
; N/A                                     ; 283.45 MHz ( period = 3.528 ns )                    ; freq_div:freq|count[0]       ; freq_div:freq|count[16] ; clk        ; clk      ; None                        ; None                      ; 3.315 ns                ;
; N/A                                     ; 284.41 MHz ( period = 3.516 ns )                    ; freq_div:freq|count[1]       ; freq_div:freq|count[20] ; clk        ; clk      ; None                        ; None                      ; 3.304 ns                ;
; N/A                                     ; 285.39 MHz ( period = 3.504 ns )                    ; freq_div:freq|count[2]       ; freq_div:freq|count[13] ; clk        ; clk      ; None                        ; None                      ; 3.291 ns                ;
; N/A                                     ; 286.04 MHz ( period = 3.496 ns )                    ; freq_div:freq|count[4]       ; freq_div:freq|count[24] ; clk        ; clk      ; None                        ; None                      ; 3.284 ns                ;
; N/A                                     ; 286.45 MHz ( period = 3.491 ns )                    ; freq_div:freq|count[1]       ; freq_div:freq|count[16] ; clk        ; clk      ; None                        ; None                      ; 3.278 ns                ;
; N/A                                     ; 286.78 MHz ( period = 3.487 ns )                    ; freq_div:freq|count[0]       ; freq_div:freq|count[21] ; clk        ; clk      ; None                        ; None                      ; 3.275 ns                ;
; N/A                                     ; 289.86 MHz ( period = 3.450 ns )                    ; freq_div:freq|count[1]       ; freq_div:freq|count[21] ; clk        ; clk      ; None                        ; None                      ; 3.238 ns                ;
; N/A                                     ; 290.53 MHz ( period = 3.442 ns )                    ; freq_div:freq|count[2]       ; freq_div:freq|count[20] ; clk        ; clk      ; None                        ; None                      ; 3.230 ns                ;
; N/A                                     ; 291.46 MHz ( period = 3.431 ns )                    ; freq_div:freq|count[8]       ; freq_div:freq|count[16] ; clk        ; clk      ; None                        ; None                      ; 3.218 ns                ;
; N/A                                     ; 292.65 MHz ( period = 3.417 ns )                    ; freq_div:freq|count[2]       ; freq_div:freq|count[16] ; clk        ; clk      ; None                        ; None                      ; 3.204 ns                ;
; N/A                                     ; 294.03 MHz ( period = 3.401 ns )                    ; freq_div:freq|count[3]       ; freq_div:freq|count[13] ; clk        ; clk      ; None                        ; None                      ; 3.188 ns                ;
; N/A                                     ; 294.90 MHz ( period = 3.391 ns )                    ; freq_div:freq|count[5]       ; freq_div:freq|count[24] ; clk        ; clk      ; None                        ; None                      ; 3.179 ns                ;
; N/A                                     ; 296.21 MHz ( period = 3.376 ns )                    ; freq_div:freq|count[2]       ; freq_div:freq|count[21] ; clk        ; clk      ; None                        ; None                      ; 3.164 ns                ;
; N/A                                     ; 298.06 MHz ( period = 3.355 ns )                    ; freq_div:freq|count[6]       ; freq_div:freq|count[24] ; clk        ; clk      ; None                        ; None                      ; 3.143 ns                ;
; N/A                                     ; 299.49 MHz ( period = 3.339 ns )                    ; freq_div:freq|count[3]       ; freq_div:freq|count[20] ; clk        ; clk      ; None                        ; None                      ; 3.127 ns                ;
; N/A                                     ; 299.49 MHz ( period = 3.339 ns )                    ; freq_div:freq|count[13]      ; freq_div:freq|count[16] ; clk        ; clk      ; None                        ; None                      ; 3.125 ns                ;
; N/A                                     ; 301.75 MHz ( period = 3.314 ns )                    ; freq_div:freq|count[3]       ; freq_div:freq|count[16] ; clk        ; clk      ; None                        ; None                      ; 3.101 ns                ;
; N/A                                     ; 303.31 MHz ( period = 3.297 ns )                    ; freq_div:freq|count[7]       ; freq_div:freq|count[0]  ; clk        ; clk      ; None                        ; None                      ; 3.083 ns                ;
; N/A                                     ; 303.31 MHz ( period = 3.297 ns )                    ; freq_div:freq|count[7]       ; freq_div:freq|count[8]  ; clk        ; clk      ; None                        ; None                      ; 3.083 ns                ;
; N/A                                     ; 305.34 MHz ( period = 3.275 ns )                    ; freq_div:freq|count[4]       ; freq_div:freq|count[13] ; clk        ; clk      ; None                        ; None                      ; 3.062 ns                ;
; N/A                                     ; 305.44 MHz ( period = 3.274 ns )                    ; freq_div:freq|count[0]       ; freq_div:freq|count[10] ; clk        ; clk      ; None                        ; None                      ; 3.061 ns                ;
; N/A                                     ; 305.53 MHz ( period = 3.273 ns )                    ; freq_div:freq|count[3]       ; freq_div:freq|count[21] ; clk        ; clk      ; None                        ; None                      ; 3.061 ns                ;
; N/A                                     ; 305.53 MHz ( period = 3.273 ns )                    ; freq_div:freq|count[19]      ; freq_div:freq|count[13] ; clk        ; clk      ; None                        ; None                      ; 3.058 ns                ;
; N/A                                     ; 305.53 MHz ( period = 3.273 ns )                    ; freq_div:freq|count[19]      ; freq_div:freq|count[10] ; clk        ; clk      ; None                        ; None                      ; 3.058 ns                ;
; N/A                                     ; 305.90 MHz ( period = 3.269 ns )                    ; freq_div:freq|count[19]      ; freq_div:freq|count[11] ; clk        ; clk      ; None                        ; None                      ; 3.054 ns                ;
; N/A                                     ; 306.84 MHz ( period = 3.259 ns )                    ; freq_div:freq|count[19]      ; freq_div:freq|count[8]  ; clk        ; clk      ; None                        ; None                      ; 3.043 ns                ;
; N/A                                     ; 306.94 MHz ( period = 3.258 ns )                    ; freq_div:freq|count[19]      ; freq_div:freq|count[0]  ; clk        ; clk      ; None                        ; None                      ; 3.042 ns                ;
; N/A                                     ; 307.31 MHz ( period = 3.254 ns )                    ; freq_div:freq|count[10]      ; freq_div:freq|count[24] ; clk        ; clk      ; None                        ; None                      ; 3.041 ns                ;
; N/A                                     ; 307.41 MHz ( period = 3.253 ns )                    ; freq_div:freq|count[7]       ; freq_div:freq|count[24] ; clk        ; clk      ; None                        ; None                      ; 3.041 ns                ;
; N/A                                     ; 307.88 MHz ( period = 3.248 ns )                    ; freq_div:freq|count[7]       ; freq_div:freq|count[11] ; clk        ; clk      ; None                        ; None                      ; 3.035 ns                ;
; N/A                                     ; 308.36 MHz ( period = 3.243 ns )                    ; freq_div:freq|count[7]       ; freq_div:freq|count[13] ; clk        ; clk      ; None                        ; None                      ; 3.030 ns                ;
; N/A                                     ; 308.45 MHz ( period = 3.242 ns )                    ; freq_div:freq|count[7]       ; freq_div:freq|count[10] ; clk        ; clk      ; None                        ; None                      ; 3.029 ns                ;
; N/A                                     ; 308.93 MHz ( period = 3.237 ns )                    ; freq_div:freq|count[19]      ; freq_div:freq|count[24] ; clk        ; clk      ; None                        ; None                      ; 3.023 ns                ;
; N/A                                     ; 308.93 MHz ( period = 3.237 ns )                    ; freq_div:freq|count[19]      ; freq_div:freq|count[20] ; clk        ; clk      ; None                        ; None                      ; 3.023 ns                ;
; N/A                                     ; 308.93 MHz ( period = 3.237 ns )                    ; freq_div:freq|count[1]       ; freq_div:freq|count[10] ; clk        ; clk      ; None                        ; None                      ; 3.024 ns                ;
; N/A                                     ; 309.12 MHz ( period = 3.235 ns )                    ; freq_div:freq|count[0]       ; freq_div:freq|count[23] ; clk        ; clk      ; None                        ; None                      ; 3.023 ns                ;
; N/A                                     ; 310.75 MHz ( period = 3.218 ns )                    ; freq_div:freq|count[8]       ; freq_div:freq|count[24] ; clk        ; clk      ; None                        ; None                      ; 3.006 ns                ;
; N/A                                     ; 310.75 MHz ( period = 3.218 ns )                    ; freq_div:freq|count[7]       ; freq_div:freq|count[16] ; clk        ; clk      ; None                        ; None                      ; 3.005 ns                ;
; N/A                                     ; 311.24 MHz ( period = 3.213 ns )                    ; freq_div:freq|count[4]       ; freq_div:freq|count[20] ; clk        ; clk      ; None                        ; None                      ; 3.001 ns                ;
; N/A                                     ; 312.70 MHz ( period = 3.198 ns )                    ; freq_div:freq|count[1]       ; freq_div:freq|count[23] ; clk        ; clk      ; None                        ; None                      ; 2.986 ns                ;
; N/A                                     ; 312.99 MHz ( period = 3.195 ns )                    ; freq_div:freq|count[13]      ; freq_div:freq|count[24] ; clk        ; clk      ; None                        ; None                      ; 2.982 ns                ;
; N/A                                     ; 313.68 MHz ( period = 3.188 ns )                    ; freq_div:freq|count[4]       ; freq_div:freq|count[16] ; clk        ; clk      ; None                        ; None                      ; 2.975 ns                ;
; N/A                                     ; 313.97 MHz ( period = 3.185 ns )                    ; freq_div:freq|count[11]      ; freq_div:freq|count[16] ; clk        ; clk      ; None                        ; None                      ; 2.971 ns                ;
; N/A                                     ; 315.46 MHz ( period = 3.170 ns )                    ; freq_div:freq|count[5]       ; freq_div:freq|count[13] ; clk        ; clk      ; None                        ; None                      ; 2.957 ns                ;
; N/A                                     ; 316.06 MHz ( period = 3.164 ns )                    ; freq_div:freq|count[0]       ; freq_div:freq|count[22] ; clk        ; clk      ; None                        ; None                      ; 2.952 ns                ;
; N/A                                     ; 316.16 MHz ( period = 3.163 ns )                    ; freq_div:freq|count[11]      ; freq_div:freq|count[24] ; clk        ; clk      ; None                        ; None                      ; 2.950 ns                ;
; N/A                                     ; 316.16 MHz ( period = 3.163 ns )                    ; freq_div:freq|count[2]       ; freq_div:freq|count[10] ; clk        ; clk      ; None                        ; None                      ; 2.950 ns                ;
; N/A                                     ; 317.76 MHz ( period = 3.147 ns )                    ; freq_div:freq|count[4]       ; freq_div:freq|count[21] ; clk        ; clk      ; None                        ; None                      ; 2.935 ns                ;
; N/A                                     ; 317.97 MHz ( period = 3.145 ns )                    ; freq_div:freq|count[15]      ; freq_div:freq|count[0]  ; clk        ; clk      ; None                        ; None                      ; 2.929 ns                ;
; N/A                                     ; 317.97 MHz ( period = 3.145 ns )                    ; freq_div:freq|count[15]      ; freq_div:freq|count[8]  ; clk        ; clk      ; None                        ; None                      ; 2.929 ns                ;
; N/A                                     ; 318.27 MHz ( period = 3.142 ns )                    ; freq_div:freq|count[16]      ; freq_div:freq|count[16] ; clk        ; clk      ; None                        ; None                      ; 2.928 ns                ;
; N/A                                     ; 319.08 MHz ( period = 3.134 ns )                    ; freq_div:freq|count[6]       ; freq_div:freq|count[13] ; clk        ; clk      ; None                        ; None                      ; 2.921 ns                ;
; N/A                                     ; 319.80 MHz ( period = 3.127 ns )                    ; freq_div:freq|count[1]       ; freq_div:freq|count[22] ; clk        ; clk      ; None                        ; None                      ; 2.915 ns                ;
; N/A                                     ; 320.10 MHz ( period = 3.124 ns )                    ; freq_div:freq|count[2]       ; freq_div:freq|count[23] ; clk        ; clk      ; None                        ; None                      ; 2.912 ns                ;
; N/A                                     ; 321.75 MHz ( period = 3.108 ns )                    ; freq_div:freq|count[5]       ; freq_div:freq|count[20] ; clk        ; clk      ; None                        ; None                      ; 2.896 ns                ;
; N/A                                     ; 323.00 MHz ( period = 3.096 ns )                    ; freq_div:freq|count[19]      ; freq_div:freq|count[21] ; clk        ; clk      ; None                        ; None                      ; 2.882 ns                ;
; N/A                                     ; 323.00 MHz ( period = 3.096 ns )                    ; freq_div:freq|count[15]      ; freq_div:freq|count[11] ; clk        ; clk      ; None                        ; None                      ; 2.881 ns                ;
; N/A                                     ; 323.21 MHz ( period = 3.094 ns )                    ; freq_div:freq|count[8]       ; freq_div:freq|count[13] ; clk        ; clk      ; None                        ; None                      ; 2.881 ns                ;
; N/A                                     ; 323.21 MHz ( period = 3.094 ns )                    ; freq_div:freq|count[8]       ; freq_div:freq|count[10] ; clk        ; clk      ; None                        ; None                      ; 2.881 ns                ;
; N/A                                     ; 323.31 MHz ( period = 3.093 ns )                    ; freq_div:freq|count[9]       ; freq_div:freq|count[24] ; clk        ; clk      ; None                        ; None                      ; 2.881 ns                ;
; N/A                                     ; 323.52 MHz ( period = 3.091 ns )                    ; freq_div:freq|count[15]      ; freq_div:freq|count[13] ; clk        ; clk      ; None                        ; None                      ; 2.876 ns                ;
; N/A                                     ; 323.62 MHz ( period = 3.090 ns )                    ; freq_div:freq|count[8]       ; freq_div:freq|count[11] ; clk        ; clk      ; None                        ; None                      ; 2.877 ns                ;
; N/A                                     ; 323.62 MHz ( period = 3.090 ns )                    ; freq_div:freq|count[15]      ; freq_div:freq|count[10] ; clk        ; clk      ; None                        ; None                      ; 2.875 ns                ;
; N/A                                     ; 324.36 MHz ( period = 3.083 ns )                    ; freq_div:freq|count[5]       ; freq_div:freq|count[16] ; clk        ; clk      ; None                        ; None                      ; 2.870 ns                ;
; N/A                                     ; 324.68 MHz ( period = 3.080 ns )                    ; freq_div:freq|count[8]       ; freq_div:freq|count[8]  ; clk        ; clk      ; None                        ; None                      ; 2.866 ns                ;
; N/A                                     ; 324.78 MHz ( period = 3.079 ns )                    ; freq_div:freq|count[8]       ; freq_div:freq|count[0]  ; clk        ; clk      ; None                        ; None                      ; 2.865 ns                ;
; N/A                                     ; 325.52 MHz ( period = 3.072 ns )                    ; freq_div:freq|count[6]       ; freq_div:freq|count[20] ; clk        ; clk      ; None                        ; None                      ; 2.860 ns                ;
; N/A                                     ; 326.16 MHz ( period = 3.066 ns )                    ; freq_div:freq|count[15]      ; freq_div:freq|count[16] ; clk        ; clk      ; None                        ; None                      ; 2.851 ns                ;
; N/A                                     ; 326.16 MHz ( period = 3.066 ns )                    ; freq_div:freq|count[9]       ; freq_div:freq|count[16] ; clk        ; clk      ; None                        ; None                      ; 2.853 ns                ;
; N/A                                     ; 326.48 MHz ( period = 3.063 ns )                    ; freq_div:freq|count[0]       ; freq_div:freq|count[11] ; clk        ; clk      ; None                        ; None                      ; 2.850 ns                ;
; N/A                                     ; 326.80 MHz ( period = 3.060 ns )                    ; freq_div:freq|count[3]       ; freq_div:freq|count[10] ; clk        ; clk      ; None                        ; None                      ; 2.847 ns                ;
; N/A                                     ; 327.01 MHz ( period = 3.058 ns )                    ; freq_div:freq|count[8]       ; freq_div:freq|count[20] ; clk        ; clk      ; None                        ; None                      ; 2.846 ns                ;
; N/A                                     ; 327.55 MHz ( period = 3.053 ns )                    ; freq_div:freq|count[2]       ; freq_div:freq|count[22] ; clk        ; clk      ; None                        ; None                      ; 2.841 ns                ;
; N/A                                     ; 328.19 MHz ( period = 3.047 ns )                    ; freq_div:freq|count[6]       ; freq_div:freq|count[16] ; clk        ; clk      ; None                        ; None                      ; 2.834 ns                ;
; N/A                                     ; 328.73 MHz ( period = 3.042 ns )                    ; freq_div:freq|count[5]       ; freq_div:freq|count[21] ; clk        ; clk      ; None                        ; None                      ; 2.830 ns                ;
; N/A                                     ; 329.71 MHz ( period = 3.033 ns )                    ; freq_div:freq|count[10]      ; freq_div:freq|count[13] ; clk        ; clk      ; None                        ; None                      ; 2.819 ns                ;
; N/A                                     ; 330.47 MHz ( period = 3.026 ns )                    ; freq_div:freq|count[1]       ; freq_div:freq|count[11] ; clk        ; clk      ; None                        ; None                      ; 2.813 ns                ;
; N/A                                     ; 331.02 MHz ( period = 3.021 ns )                    ; freq_div:freq|count[20]      ; freq_div:freq|count[0]  ; clk        ; clk      ; None                        ; None                      ; 2.805 ns                ;
; N/A                                     ; 331.02 MHz ( period = 3.021 ns )                    ; freq_div:freq|count[3]       ; freq_div:freq|count[23] ; clk        ; clk      ; None                        ; None                      ; 2.809 ns                ;
; N/A                                     ; 331.02 MHz ( period = 3.021 ns )                    ; freq_div:freq|count[20]      ; freq_div:freq|count[8]  ; clk        ; clk      ; None                        ; None                      ; 2.805 ns                ;
; N/A                                     ; 331.13 MHz ( period = 3.020 ns )                    ; freq_div:freq|count[10]      ; freq_div:freq|count[16] ; clk        ; clk      ; None                        ; None                      ; 2.806 ns                ;
; N/A                                     ; 331.24 MHz ( period = 3.019 ns )                    ; freq_div:freq|count[16]      ; freq_div:freq|count[24] ; clk        ; clk      ; None                        ; None                      ; 2.806 ns                ;
; N/A                                     ; 332.67 MHz ( period = 3.006 ns )                    ; freq_div:freq|count[6]       ; freq_div:freq|count[21] ; clk        ; clk      ; None                        ; None                      ; 2.794 ns                ;
; N/A                                     ; 333.11 MHz ( period = 3.002 ns )                    ; freq_div:freq|count[13]      ; freq_div:freq|count[13] ; clk        ; clk      ; None                        ; None                      ; 2.788 ns                ;
; N/A                                     ; 333.11 MHz ( period = 3.002 ns )                    ; freq_div:freq|count[13]      ; freq_div:freq|count[10] ; clk        ; clk      ; None                        ; None                      ; 2.788 ns                ;
; N/A                                     ; 333.44 MHz ( period = 2.999 ns )                    ; freq_div:freq|count[12]      ; freq_div:freq|count[0]  ; clk        ; clk      ; None                        ; None                      ; 2.783 ns                ;
; N/A                                     ; 333.44 MHz ( period = 2.999 ns )                    ; freq_div:freq|count[12]      ; freq_div:freq|count[8]  ; clk        ; clk      ; None                        ; None                      ; 2.783 ns                ;
; N/A                                     ; 333.56 MHz ( period = 2.998 ns )                    ; freq_div:freq|count[13]      ; freq_div:freq|count[11] ; clk        ; clk      ; None                        ; None                      ; 2.784 ns                ;
; N/A                                     ; 334.67 MHz ( period = 2.988 ns )                    ; freq_div:freq|count[13]      ; freq_div:freq|count[8]  ; clk        ; clk      ; None                        ; None                      ; 2.773 ns                ;
; N/A                                     ; 334.78 MHz ( period = 2.987 ns )                    ; freq_div:freq|count[13]      ; freq_div:freq|count[0]  ; clk        ; clk      ; None                        ; None                      ; 2.772 ns                ;
; N/A                                     ; 336.47 MHz ( period = 2.972 ns )                    ; freq_div:freq|count[14]      ; freq_div:freq|count[16] ; clk        ; clk      ; None                        ; None                      ; 2.757 ns                ;
; N/A                                     ; 336.47 MHz ( period = 2.972 ns )                    ; freq_div:freq|count[20]      ; freq_div:freq|count[11] ; clk        ; clk      ; None                        ; None                      ; 2.757 ns                ;
; N/A                                     ; 336.59 MHz ( period = 2.971 ns )                    ; freq_div:freq|count[10]      ; freq_div:freq|count[20] ; clk        ; clk      ; None                        ; None                      ; 2.758 ns                ;
; N/A                                     ; 336.70 MHz ( period = 2.970 ns )                    ; freq_div:freq|count[7]       ; freq_div:freq|count[20] ; clk        ; clk      ; None                        ; None                      ; 2.758 ns                ;
; N/A                                     ; 337.04 MHz ( period = 2.967 ns )                    ; freq_div:freq|count[20]      ; freq_div:freq|count[13] ; clk        ; clk      ; None                        ; None                      ; 2.752 ns                ;
; N/A                                     ; 337.15 MHz ( period = 2.966 ns )                    ; freq_div:freq|count[13]      ; freq_div:freq|count[20] ; clk        ; clk      ; None                        ; None                      ; 2.753 ns                ;
; N/A                                     ; 337.15 MHz ( period = 2.966 ns )                    ; freq_div:freq|count[20]      ; freq_div:freq|count[10] ; clk        ; clk      ; None                        ; None                      ; 2.751 ns                ;
; N/A                                     ; 338.75 MHz ( period = 2.952 ns )                    ; freq_div:freq|count[2]       ; freq_div:freq|count[11] ; clk        ; clk      ; None                        ; None                      ; 2.739 ns                ;
; N/A                                     ; 338.98 MHz ( period = 2.950 ns )                    ; freq_div:freq|count[3]       ; freq_div:freq|count[22] ; clk        ; clk      ; None                        ; None                      ; 2.738 ns                ;
; N/A                                     ; 338.98 MHz ( period = 2.950 ns )                    ; freq_div:freq|count[12]      ; freq_div:freq|count[11] ; clk        ; clk      ; None                        ; None                      ; 2.735 ns                ;
; N/A                                     ; 339.56 MHz ( period = 2.945 ns )                    ; freq_div:freq|count[12]      ; freq_div:freq|count[13] ; clk        ; clk      ; None                        ; None                      ; 2.730 ns                ;
; N/A                                     ; 339.67 MHz ( period = 2.944 ns )                    ; freq_div:freq|count[12]      ; freq_div:freq|count[10] ; clk        ; clk      ; None                        ; None                      ; 2.729 ns                ;
; N/A                                     ; 339.90 MHz ( period = 2.942 ns )                    ; freq_div:freq|count[11]      ; freq_div:freq|count[13] ; clk        ; clk      ; None                        ; None                      ; 2.728 ns                ;
; N/A                                     ; 339.90 MHz ( period = 2.942 ns )                    ; freq_div:freq|count[20]      ; freq_div:freq|count[16] ; clk        ; clk      ; None                        ; None                      ; 2.727 ns                ;
; N/A                                     ; 340.83 MHz ( period = 2.934 ns )                    ; freq_div:freq|count[4]       ; freq_div:freq|count[10] ; clk        ; clk      ; None                        ; None                      ; 2.721 ns                ;
; N/A                                     ; 342.47 MHz ( period = 2.920 ns )                    ; freq_div:freq|count[12]      ; freq_div:freq|count[16] ; clk        ; clk      ; None                        ; None                      ; 2.705 ns                ;
; N/A                                     ; 342.82 MHz ( period = 2.917 ns )                    ; freq_div:freq|count[8]       ; freq_div:freq|count[21] ; clk        ; clk      ; None                        ; None                      ; 2.705 ns                ;
; N/A                                     ; 343.41 MHz ( period = 2.912 ns )                    ; freq_div:freq|count[7]       ; freq_div:freq|count[21] ; clk        ; clk      ; None                        ; None                      ; 2.700 ns                ;
; N/A                                     ; 344.23 MHz ( period = 2.905 ns )                    ; freq_div:freq|count[10]      ; freq_div:freq|count[21] ; clk        ; clk      ; None                        ; None                      ; 2.692 ns                ;
; N/A                                     ; 345.42 MHz ( period = 2.895 ns )                    ; freq_div:freq|count[4]       ; freq_div:freq|count[23] ; clk        ; clk      ; None                        ; None                      ; 2.683 ns                ;
; N/A                                     ; 347.22 MHz ( period = 2.880 ns )                    ; freq_div:freq|count[11]      ; freq_div:freq|count[20] ; clk        ; clk      ; None                        ; None                      ; 2.667 ns                ;
; N/A                                     ; 348.19 MHz ( period = 2.872 ns )                    ; freq_div:freq|count[9]       ; freq_div:freq|count[13] ; clk        ; clk      ; None                        ; None                      ; 2.659 ns                ;
; N/A                                     ; 348.92 MHz ( period = 2.866 ns )                    ; freq_div:freq|count[18]      ; freq_div:freq|count[0]  ; clk        ; clk      ; None                        ; None                      ; 2.650 ns                ;
; N/A                                     ; 348.92 MHz ( period = 2.866 ns )                    ; freq_div:freq|count[18]      ; freq_div:freq|count[8]  ; clk        ; clk      ; None                        ; None                      ; 2.650 ns                ;
; N/A                                     ; 349.28 MHz ( period = 2.863 ns )                    ; freq_div:freq|count[0]       ; freq_div:freq|count[19] ; clk        ; clk      ; None                        ; None                      ; 2.651 ns                ;
; N/A                                     ; 351.00 MHz ( period = 2.849 ns )                    ; freq_div:freq|count[3]       ; freq_div:freq|count[11] ; clk        ; clk      ; None                        ; None                      ; 2.636 ns                ;
; N/A                                     ; 351.12 MHz ( period = 2.848 ns )                    ; freq_div:freq|count[11]      ; freq_div:freq|count[10] ; clk        ; clk      ; None                        ; None                      ; 2.634 ns                ;
; N/A                                     ; 351.37 MHz ( period = 2.846 ns )                    ; freq_div:freq|count[13]      ; freq_div:freq|count[21] ; clk        ; clk      ; None                        ; None                      ; 2.633 ns                ;
; N/A                                     ; 351.62 MHz ( period = 2.844 ns )                    ; freq_div:freq|count[11]      ; freq_div:freq|count[11] ; clk        ; clk      ; None                        ; None                      ; 2.630 ns                ;
; N/A                                     ; 352.86 MHz ( period = 2.834 ns )                    ; freq_div:freq|count[11]      ; freq_div:freq|count[8]  ; clk        ; clk      ; None                        ; None                      ; 2.619 ns                ;
; N/A                                     ; 352.98 MHz ( period = 2.833 ns )                    ; freq_div:freq|count[11]      ; freq_div:freq|count[0]  ; clk        ; clk      ; None                        ; None                      ; 2.618 ns                ;
; N/A                                     ; 353.48 MHz ( period = 2.829 ns )                    ; freq_div:freq|count[5]       ; freq_div:freq|count[10] ; clk        ; clk      ; None                        ; None                      ; 2.616 ns                ;
; N/A                                     ; 353.86 MHz ( period = 2.826 ns )                    ; freq_div:freq|count[1]       ; freq_div:freq|count[19] ; clk        ; clk      ; None                        ; None                      ; 2.614 ns                ;
; N/A                                     ; 354.11 MHz ( period = 2.824 ns )                    ; freq_div:freq|count[4]       ; freq_div:freq|count[22] ; clk        ; clk      ; None                        ; None                      ; 2.612 ns                ;
; N/A                                     ; 354.99 MHz ( period = 2.817 ns )                    ; freq_div:freq|count[18]      ; freq_div:freq|count[11] ; clk        ; clk      ; None                        ; None                      ; 2.602 ns                ;
; N/A                                     ; 355.37 MHz ( period = 2.814 ns )                    ; freq_div:freq|count[11]      ; freq_div:freq|count[21] ; clk        ; clk      ; None                        ; None                      ; 2.601 ns                ;
; N/A                                     ; 355.62 MHz ( period = 2.812 ns )                    ; freq_div:freq|count[18]      ; freq_div:freq|count[13] ; clk        ; clk      ; None                        ; None                      ; 2.597 ns                ;
; N/A                                     ; 355.75 MHz ( period = 2.811 ns )                    ; freq_div:freq|count[18]      ; freq_div:freq|count[10] ; clk        ; clk      ; None                        ; None                      ; 2.596 ns                ;
; N/A                                     ; 355.87 MHz ( period = 2.810 ns )                    ; freq_div:freq|count[9]       ; freq_div:freq|count[20] ; clk        ; clk      ; None                        ; None                      ; 2.598 ns                ;
; N/A                                     ; 356.25 MHz ( period = 2.807 ns )                    ; freq_div:freq|count[12]      ; freq_div:freq|count[24] ; clk        ; clk      ; None                        ; None                      ; 2.593 ns                ;
; N/A                                     ; 356.51 MHz ( period = 2.805 ns )                    ; freq_div:freq|count[16]      ; freq_div:freq|count[13] ; clk        ; clk      ; None                        ; None                      ; 2.591 ns                ;
; N/A                                     ; 356.51 MHz ( period = 2.805 ns )                    ; freq_div:freq|count[16]      ; freq_div:freq|count[10] ; clk        ; clk      ; None                        ; None                      ; 2.591 ns                ;
; N/A                                     ; 357.02 MHz ( period = 2.801 ns )                    ; freq_div:freq|count[16]      ; freq_div:freq|count[11] ; clk        ; clk      ; None                        ; None                      ; 2.587 ns                ;
; N/A                                     ; 358.04 MHz ( period = 2.793 ns )                    ; freq_div:freq|count[6]       ; freq_div:freq|count[10] ; clk        ; clk      ; None                        ; None                      ; 2.580 ns                ;
; N/A                                     ; 358.17 MHz ( period = 2.792 ns )                    ; freq_div:freq|count[0]       ; freq_div:freq|count[18] ; clk        ; clk      ; None                        ; None                      ; 2.580 ns                ;
; N/A                                     ; 358.29 MHz ( period = 2.791 ns )                    ; freq_div:freq|count[16]      ; freq_div:freq|count[8]  ; clk        ; clk      ; None                        ; None                      ; 2.576 ns                ;
; N/A                                     ; 358.42 MHz ( period = 2.790 ns )                    ; freq_div:freq|count[16]      ; freq_div:freq|count[0]  ; clk        ; clk      ; None                        ; None                      ; 2.575 ns                ;
; N/A                                     ; 358.42 MHz ( period = 2.790 ns )                    ; freq_div:freq|count[5]       ; freq_div:freq|count[23] ; clk        ; clk      ; None                        ; None                      ; 2.578 ns                ;
; N/A                                     ; 358.81 MHz ( period = 2.787 ns )                    ; freq_div:freq|count[18]      ; freq_div:freq|count[16] ; clk        ; clk      ; None                        ; None                      ; 2.572 ns                ;
; N/A                                     ; 361.14 MHz ( period = 2.769 ns )                    ; freq_div:freq|count[16]      ; freq_div:freq|count[20] ; clk        ; clk      ; None                        ; None                      ; 2.556 ns                ;
; N/A                                     ; 361.79 MHz ( period = 2.764 ns )                    ; freq_div:freq|count[23]      ; freq_div:freq|count[0]  ; clk        ; clk      ; None                        ; None                      ; 2.548 ns                ;
; N/A                                     ; 361.79 MHz ( period = 2.764 ns )                    ; freq_div:freq|count[23]      ; freq_div:freq|count[8]  ; clk        ; clk      ; None                        ; None                      ; 2.548 ns                ;
; N/A                                     ; 362.32 MHz ( period = 2.760 ns )                    ; freq_div:freq|count[15]      ; freq_div:freq|count[21] ; clk        ; clk      ; None                        ; None                      ; 2.546 ns                ;
; N/A                                     ; 362.98 MHz ( period = 2.755 ns )                    ; freq_div:freq|count[1]       ; freq_div:freq|count[18] ; clk        ; clk      ; None                        ; None                      ; 2.543 ns                ;
; N/A                                     ; 363.11 MHz ( period = 2.754 ns )                    ; freq_div:freq|count[6]       ; freq_div:freq|count[23] ; clk        ; clk      ; None                        ; None                      ; 2.542 ns                ;
; N/A                                     ; 363.37 MHz ( period = 2.752 ns )                    ; freq_div:freq|count[2]       ; freq_div:freq|count[19] ; clk        ; clk      ; None                        ; None                      ; 2.540 ns                ;
; N/A                                     ; 364.43 MHz ( period = 2.744 ns )                    ; freq_div:freq|count[9]       ; freq_div:freq|count[21] ; clk        ; clk      ; None                        ; None                      ; 2.532 ns                ;
; N/A                                     ; 366.43 MHz ( period = 2.729 ns )                    ; freq_div:freq|count[9]       ; freq_div:freq|count[10] ; clk        ; clk      ; None                        ; None                      ; 2.516 ns                ;
; N/A                                     ; 366.97 MHz ( period = 2.725 ns )                    ; freq_div:freq|count[0]       ; freq_div:freq|count[8]  ; clk        ; clk      ; None                        ; None                      ; 2.511 ns                ;
; N/A                                     ; 366.97 MHz ( period = 2.725 ns )                    ; freq_div:freq|count[9]       ; freq_div:freq|count[11] ; clk        ; clk      ; None                        ; None                      ; 2.512 ns                ;
; N/A                                     ; 367.24 MHz ( period = 2.723 ns )                    ; freq_div:freq|count[4]       ; freq_div:freq|count[11] ; clk        ; clk      ; None                        ; None                      ; 2.510 ns                ;
; N/A                                     ; 367.51 MHz ( period = 2.721 ns )                    ; freq_div:freq|count[0]       ; freq_div:freq|count[17] ; clk        ; clk      ; None                        ; None                      ; 2.509 ns                ;
; N/A                                     ; 367.78 MHz ( period = 2.719 ns )                    ; freq_div:freq|count[5]       ; freq_div:freq|count[22] ; clk        ; clk      ; None                        ; None                      ; 2.507 ns                ;
; N/A                                     ; 368.32 MHz ( period = 2.715 ns )                    ; freq_div:freq|count[9]       ; freq_div:freq|count[8]  ; clk        ; clk      ; None                        ; None                      ; 2.501 ns                ;
; N/A                                     ; 368.32 MHz ( period = 2.715 ns )                    ; freq_div:freq|count[23]      ; freq_div:freq|count[11] ; clk        ; clk      ; None                        ; None                      ; 2.500 ns                ;
; N/A                                     ; 368.46 MHz ( period = 2.714 ns )                    ; freq_div:freq|count[9]       ; freq_div:freq|count[0]  ; clk        ; clk      ; None                        ; None                      ; 2.500 ns                ;
; N/A                                     ; 369.00 MHz ( period = 2.710 ns )                    ; freq_div:freq|count[23]      ; freq_div:freq|count[13] ; clk        ; clk      ; None                        ; None                      ; 2.495 ns                ;
; N/A                                     ; 369.14 MHz ( period = 2.709 ns )                    ; freq_div:freq|count[23]      ; freq_div:freq|count[10] ; clk        ; clk      ; None                        ; None                      ; 2.494 ns                ;
; N/A                                     ; 372.02 MHz ( period = 2.688 ns )                    ; freq_div:freq|count[1]       ; freq_div:freq|count[8]  ; clk        ; clk      ; None                        ; None                      ; 2.474 ns                ;
; N/A                                     ; 372.44 MHz ( period = 2.685 ns )                    ; freq_div:freq|count[23]      ; freq_div:freq|count[16] ; clk        ; clk      ; None                        ; None                      ; 2.470 ns                ;
; N/A                                     ; 372.58 MHz ( period = 2.684 ns )                    ; freq_div:freq|count[1]       ; freq_div:freq|count[17] ; clk        ; clk      ; None                        ; None                      ; 2.472 ns                ;
; N/A                                     ; 372.72 MHz ( period = 2.683 ns )                    ; freq_div:freq|count[6]       ; freq_div:freq|count[22] ; clk        ; clk      ; None                        ; None                      ; 2.471 ns                ;
; N/A                                     ; 372.72 MHz ( period = 2.683 ns )                    ; freq_div:freq|count[10]      ; freq_div:freq|count[10] ; clk        ; clk      ; None                        ; None                      ; 2.469 ns                ;
; N/A                                     ; 373.00 MHz ( period = 2.681 ns )                    ; freq_div:freq|count[2]       ; freq_div:freq|count[18] ; clk        ; clk      ; None                        ; None                      ; 2.469 ns                ;
; N/A                                     ; 373.27 MHz ( period = 2.679 ns )                    ; freq_div:freq|count[10]      ; freq_div:freq|count[11] ; clk        ; clk      ; None                        ; None                      ; 2.465 ns                ;
; N/A                                     ; 374.39 MHz ( period = 2.671 ns )                    ; freq_div:freq|count[14]      ; freq_div:freq|count[24] ; clk        ; clk      ; None                        ; None                      ; 2.457 ns                ;
; N/A                                     ; 374.53 MHz ( period = 2.670 ns )                    ; freq_div:freq|count[16]      ; freq_div:freq|count[21] ; clk        ; clk      ; None                        ; None                      ; 2.457 ns                ;
; N/A                                     ; 374.67 MHz ( period = 2.669 ns )                    ; freq_div:freq|count[10]      ; freq_div:freq|count[8]  ; clk        ; clk      ; None                        ; None                      ; 2.454 ns                ;
; N/A                                     ; 374.81 MHz ( period = 2.668 ns )                    ; freq_div:freq|count[10]      ; freq_div:freq|count[0]  ; clk        ; clk      ; None                        ; None                      ; 2.453 ns                ;
; N/A                                     ; 376.93 MHz ( period = 2.653 ns )                    ; freq_div:freq|count[10]      ; freq_div:freq|count[23] ; clk        ; clk      ; None                        ; None                      ; 2.440 ns                ;
; N/A                                     ; 377.07 MHz ( period = 2.652 ns )                    ; freq_div:freq|count[7]       ; freq_div:freq|count[23] ; clk        ; clk      ; None                        ; None                      ; 2.440 ns                ;
; N/A                                     ; 377.50 MHz ( period = 2.649 ns )                    ; freq_div:freq|count[3]       ; freq_div:freq|count[19] ; clk        ; clk      ; None                        ; None                      ; 2.437 ns                ;
; N/A                                     ; 378.79 MHz ( period = 2.640 ns )                    ; freq_div:freq|count[15]      ; freq_div:freq|count[24] ; clk        ; clk      ; None                        ; None                      ; 2.426 ns                ;
; N/A                                     ; 379.36 MHz ( period = 2.636 ns )                    ; freq_div:freq|count[20]      ; freq_div:freq|count[21] ; clk        ; clk      ; None                        ; None                      ; 2.422 ns                ;
; N/A                                     ; 379.51 MHz ( period = 2.635 ns )                    ; freq_div:freq|count[14]      ; freq_div:freq|count[13] ; clk        ; clk      ; None                        ; None                      ; 2.420 ns                ;
; N/A                                     ; 379.51 MHz ( period = 2.635 ns )                    ; freq_div:freq|count[14]      ; freq_div:freq|count[10] ; clk        ; clk      ; None                        ; None                      ; 2.420 ns                ;
; N/A                                     ; 380.08 MHz ( period = 2.631 ns )                    ; freq_div:freq|count[14]      ; freq_div:freq|count[11] ; clk        ; clk      ; None                        ; None                      ; 2.416 ns                ;
; N/A                                     ; 381.53 MHz ( period = 2.621 ns )                    ; freq_div:freq|count[14]      ; freq_div:freq|count[8]  ; clk        ; clk      ; None                        ; None                      ; 2.405 ns                ;
; N/A                                     ; 381.68 MHz ( period = 2.620 ns )                    ; freq_div:freq|count[14]      ; freq_div:freq|count[0]  ; clk        ; clk      ; None                        ; None                      ; 2.404 ns                ;
; N/A                                     ; 381.97 MHz ( period = 2.618 ns )                    ; freq_div:freq|count[5]       ; freq_div:freq|count[11] ; clk        ; clk      ; None                        ; None                      ; 2.405 ns                ;
; Timing analysis restricted to 200 rows. ; To change the limit use Settings (Assignments menu) ;                              ;                         ;            ;          ;                             ;                           ;                         ;
+-----------------------------------------+-----------------------------------------------------+------------------------------+-------------------------+------------+----------+-----------------------------+---------------------------+-------------------------+


+-------------------------------------------------------------------------------------------------------------------------------------------------------------------------------------------------------+
; Clock Hold: 'clk'                                                                                                                                                                                     ;
+------------------------------------------+-----------------------+-----------------------+------------+----------+----------------------------+----------------------------+--------------------------+
; Minimum Slack                            ; From                  ; To                    ; From Clock ; To Clock ; Required Hold Relationship ; Required Shortest P2P Time ; Actual Shortest P2P Time ;
+------------------------------------------+-----------------------+-----------------------+------------+----------+----------------------------+----------------------------+--------------------------+
; Not operational: Clock Skew > Data Delay ; Temp_MUX:mux|count[1] ; Temp_MUX:mux|s_out[2] ; clk        ; clk      ; None                       ; None                       ; 1.588 ns                 ;
; Not operational: Clock Skew > Data Delay ; Temp_MUX:mux|count[2] ; Temp_MUX:mux|s_out[2] ; clk        ; clk      ; None                       ; None                       ; 1.871 ns                 ;
; Not operational: Clock Skew > Data Delay ; Temp_MUX:mux|count[3] ; Temp_MUX:mux|s_out[2] ; clk        ; clk      ; None                       ; None                       ; 1.941 ns                 ;
; Not operational: Clock Skew > Data Delay ; Temp_MUX:mux|count[1] ; Temp_MUX:mux|s_out[3] ; clk        ; clk      ; None                       ; None                       ; 1.953 ns                 ;
; Not operational: Clock Skew > Data Delay ; Temp_MUX:mux|count[1] ; Temp_MUX:mux|s_out[1] ; clk        ; clk      ; None                       ; None                       ; 1.960 ns                 ;
; Not operational: Clock Skew > Data Delay ; Temp_MUX:mux|count[1] ; Temp_MUX:mux|s_out[0] ; clk        ; clk      ; None                       ; None                       ; 1.962 ns                 ;
; Not operational: Clock Skew > Data Delay ; Temp_MUX:mux|count[0] ; Temp_MUX:mux|s_out[2] ; clk        ; clk      ; None                       ; None                       ; 2.077 ns                 ;
; Not operational: Clock Skew > Data Delay ; Temp_MUX:mux|count[2] ; Temp_MUX:mux|s_out[3] ; clk        ; clk      ; None                       ; None                       ; 2.236 ns                 ;
; Not operational: Clock Skew > Data Delay ; Temp_MUX:mux|count[2] ; Temp_MUX:mux|s_out[1] ; clk        ; clk      ; None                       ; None                       ; 2.243 ns                 ;
; Not operational: Clock Skew > Data Delay ; Temp_MUX:mux|count[2] ; Temp_MUX:mux|s_out[0] ; clk        ; clk      ; None                       ; None                       ; 2.245 ns                 ;
; Not operational: Clock Skew > Data Delay ; Temp_MUX:mux|count[3] ; Temp_MUX:mux|s_out[3] ; clk        ; clk      ; None                       ; None                       ; 2.306 ns                 ;
; Not operational: Clock Skew > Data Delay ; Temp_MUX:mux|count[3] ; Temp_MUX:mux|s_out[1] ; clk        ; clk      ; None                       ; None                       ; 2.313 ns                 ;
; Not operational: Clock Skew > Data Delay ; Temp_MUX:mux|count[3] ; Temp_MUX:mux|s_out[0] ; clk        ; clk      ; None                       ; None                       ; 2.315 ns                 ;
; Not operational: Clock Skew > Data Delay ; Temp_MUX:mux|count[0] ; Temp_MUX:mux|s_out[3] ; clk        ; clk      ; None                       ; None                       ; 2.442 ns                 ;
; Not operational: Clock Skew > Data Delay ; Temp_MUX:mux|count[0] ; Temp_MUX:mux|s_out[1] ; clk        ; clk      ; None                       ; None                       ; 2.449 ns                 ;
; Not operational: Clock Skew > Data Delay ; Temp_MUX:mux|count[0] ; Temp_MUX:mux|s_out[0] ; clk        ; clk      ; None                       ; None                       ; 2.451 ns                 ;
+------------------------------------------+-----------------------+-----------------------+------------+----------+----------------------------+----------------------------+--------------------------+


+-------------------------------------------------------------------------------------+
; tco                                                                                 ;
+-------+--------------+------------+-----------------------+------------+------------+
; Slack ; Required tco ; Actual tco ; From                  ; To         ; From Clock ;
+-------+--------------+------------+-----------------------+------------+------------+
; N/A   ; None         ; 18.351 ns  ; Temp_MUX:mux|s_out[0] ; seg_out[6] ; clk        ;
; N/A   ; None         ; 18.303 ns  ; Temp_MUX:mux|s_out[2] ; seg_out[6] ; clk        ;
; N/A   ; None         ; 18.272 ns  ; Temp_MUX:mux|s_out[1] ; seg_out[6] ; clk        ;
; N/A   ; None         ; 18.184 ns  ; Temp_MUX:mux|s_out[3] ; seg_out[6] ; clk        ;
; N/A   ; None         ; 16.973 ns  ; Temp_MUX:mux|s_out[0] ; seg_out[5] ; clk        ;
; N/A   ; None         ; 16.921 ns  ; Temp_MUX:mux|s_out[2] ; seg_out[5] ; clk        ;
; N/A   ; None         ; 16.894 ns  ; Temp_MUX:mux|s_out[1] ; seg_out[5] ; clk        ;
; N/A   ; None         ; 16.802 ns  ; Temp_MUX:mux|s_out[3] ; seg_out[5] ; clk        ;
; N/A   ; None         ; 16.370 ns  ; Temp_MUX:mux|s_out[2] ; seg_out[0] ; clk        ;
; N/A   ; None         ; 16.148 ns  ; Temp_MUX:mux|s_out[2] ; seg_out[2] ; clk        ;
; N/A   ; None         ; 15.912 ns  ; Temp_MUX:mux|s_out[0] ; seg_out[3] ; clk        ;
; N/A   ; None         ; 15.862 ns  ; Temp_MUX:mux|s_out[2] ; seg_out[3] ; clk        ;
; N/A   ; None         ; 15.832 ns  ; Temp_MUX:mux|s_out[1] ; seg_out[3] ; clk        ;
; N/A   ; None         ; 15.744 ns  ; Temp_MUX:mux|s_out[3] ; seg_out[3] ; clk        ;
; N/A   ; None         ; 15.677 ns  ; Temp_MUX:mux|s_out[0] ; seg_out[0] ; clk        ;
; N/A   ; None         ; 15.459 ns  ; Temp_MUX:mux|s_out[3] ; seg_out[0] ; clk        ;
; N/A   ; None         ; 15.450 ns  ; Temp_MUX:mux|s_out[0] ; seg_out[2] ; clk        ;
; N/A   ; None         ; 15.368 ns  ; Temp_MUX:mux|s_out[1] ; seg_out[0] ; clk        ;
; N/A   ; None         ; 15.233 ns  ; Temp_MUX:mux|s_out[3] ; seg_out[2] ; clk        ;
; N/A   ; None         ; 15.177 ns  ; Temp_MUX:mux|s_out[0] ; seg_out[1] ; clk        ;
; N/A   ; None         ; 15.141 ns  ; Temp_MUX:mux|s_out[1] ; seg_out[2] ; clk        ;
; N/A   ; None         ; 15.104 ns  ; Temp_MUX:mux|s_out[3] ; seg_out[1] ; clk        ;
; N/A   ; None         ; 14.868 ns  ; Temp_MUX:mux|s_out[1] ; seg_out[1] ; clk        ;
; N/A   ; None         ; 14.789 ns  ; Temp_MUX:mux|s_out[2] ; seg_out[1] ; clk        ;
; N/A   ; None         ; 14.361 ns  ; Temp_MUX:mux|s_out[0] ; seg_out[4] ; clk        ;
; N/A   ; None         ; 14.283 ns  ; Temp_MUX:mux|s_out[1] ; seg_out[4] ; clk        ;
; N/A   ; None         ; 14.191 ns  ; Temp_MUX:mux|s_out[3] ; seg_out[4] ; clk        ;
+-------+--------------+------------+-----------------------+------------+------------+


+-----------------------------------------------------------------+
; tpd                                                             ;
+-------+-------------------+-----------------+------+------------+
; Slack ; Required P2P Time ; Actual P2P Time ; From ; To         ;
+-------+-------------------+-----------------+------+------------+
; N/A   ; None              ; 15.468 ns       ; pol  ; seg_out[6] ;
; N/A   ; None              ; 14.046 ns       ; pol  ; seg_out[5] ;
; N/A   ; None              ; 12.985 ns       ; pol  ; seg_out[3] ;
; N/A   ; None              ; 12.562 ns       ; pol  ; seg_out[0] ;
; N/A   ; None              ; 12.512 ns       ; pol  ; seg_out[2] ;
; N/A   ; None              ; 12.408 ns       ; pol  ; seg_out[4] ;
; N/A   ; None              ; 12.245 ns       ; pol  ; seg_out[1] ;
+-------+-------------------+-----------------+------+------------+


+--------------------------+
; Timing Analyzer Messages ;
+--------------------------+
Info: *******************************************************************
Info: Running Quartus II Classic Timing Analyzer
    Info: Version 9.0 Build 132 02/25/2009 SJ Full Version
    Info: Processing started: Sun May 17 19:06:03 2020
Info: Command: quartus_tan --read_settings_files=off --write_settings_files=off Top -c top --timing_analysis_only
Info: Parallel compilation is enabled and will use 2 of the 2 processors detected
Warning: Timing Analysis is analyzing one or more combinational loops as latches
    Warning: Node "Temp_MUX:mux|s_out[0]" is a latch
    Warning: Node "Temp_MUX:mux|s_out[2]" is a latch
    Warning: Node "Temp_MUX:mux|s_out[3]" is a latch
    Warning: Node "Temp_MUX:mux|s_out[1]" is a latch
Warning: Found pins functioning as undefined clocks and/or memory enables
    Info: Assuming node "clk" is an undefined clock
Warning: Found 6 node(s) in clock paths which may be acting as ripple and/or gated clocks -- node(s) analyzed as buffer(s) resulting in clock skew
    Info: Detected ripple clock "freq_div:freq|clk_out" as buffer
    Info: Detected ripple clock "Temp_MUX:mux|count[1]" as buffer
    Info: Detected ripple clock "Temp_MUX:mux|count[0]" as buffer
    Info: Detected ripple clock "Temp_MUX:mux|count[3]" as buffer
    Info: Detected ripple clock "Temp_MUX:mux|count[2]" as buffer
    Info: Detected gated clock "Temp_MUX:mux|s_out[3]~12" as buffer
Info: Clock "clk" has Internal fmax of 200.96 MHz between source register "CMPT_BCD:compteur|digit_2[2]" and destination register "Temp_MUX:mux|s_out[2]" (period= 4.976 ns)
    Info: + Longest register to register delay is 1.459 ns
        Info: 1: + IC(0.000 ns) + CELL(0.000 ns) = 0.000 ns; Loc. = LCFF_X52_Y31_N25; Fanout = 6; REG Node = 'CMPT_BCD:compteur|digit_2[2]'
        Info: 2: + IC(0.513 ns) + CELL(0.150 ns) = 0.663 ns; Loc. = LCCOMB_X51_Y31_N10; Fanout = 1; COMB Node = 'Temp_MUX:mux|s_out[2]~15'
        Info: 3: + IC(0.251 ns) + CELL(0.149 ns) = 1.063 ns; Loc. = LCCOMB_X51_Y31_N2; Fanout = 1; COMB Node = 'Temp_MUX:mux|s_out[2]~16'
        Info: 4: + IC(0.246 ns) + CELL(0.150 ns) = 1.459 ns; Loc. = LCCOMB_X51_Y31_N16; Fanout = 6; REG Node = 'Temp_MUX:mux|s_out[2]'
        Info: Total cell delay = 0.449 ns ( 30.77 % )
        Info: Total interconnect delay = 1.010 ns ( 69.23 % )
    Info: - Smallest clock skew is 0.221 ns
        Info: + Shortest clock path from clock "clk" to destination register is 7.548 ns
            Info: 1: + IC(0.000 ns) + CELL(0.979 ns) = 0.979 ns; Loc. = PIN_E16; Fanout = 6; CLK Node = 'clk'
            Info: 2: + IC(1.424 ns) + CELL(0.787 ns) = 3.190 ns; Loc. = LCFF_X50_Y31_N21; Fanout = 7; REG Node = 'Temp_MUX:mux|count[0]'
            Info: 3: + IC(0.511 ns) + CELL(0.275 ns) = 3.976 ns; Loc. = LCCOMB_X51_Y31_N0; Fanout = 1; COMB Node = 'Temp_MUX:mux|s_out[3]~12'
            Info: 4: + IC(1.747 ns) + CELL(0.000 ns) = 5.723 ns; Loc. = CLKCTRL_G9; Fanout = 4; COMB Node = 'Temp_MUX:mux|s_out[3]~12clkctrl'
            Info: 5: + IC(1.550 ns) + CELL(0.275 ns) = 7.548 ns; Loc. = LCCOMB_X51_Y31_N16; Fanout = 6; REG Node = 'Temp_MUX:mux|s_out[2]'
            Info: Total cell delay = 2.316 ns ( 30.68 % )
            Info: Total interconnect delay = 5.232 ns ( 69.32 % )
        Info: - Longest clock path from clock "clk" to source register is 7.327 ns
            Info: 1: + IC(0.000 ns) + CELL(0.979 ns) = 0.979 ns; Loc. = PIN_E16; Fanout = 6; CLK Node = 'clk'
            Info: 2: + IC(1.977 ns) + CELL(0.787 ns) = 3.743 ns; Loc. = LCFF_X63_Y25_N21; Fanout = 1; REG Node = 'freq_div:freq|clk_out'
            Info: 3: + IC(1.838 ns) + CELL(0.000 ns) = 5.581 ns; Loc. = CLKCTRL_G7; Fanout = 12; COMB Node = 'freq_div:freq|clk_out~clkctrl'
            Info: 4: + IC(1.209 ns) + CELL(0.537 ns) = 7.327 ns; Loc. = LCFF_X52_Y31_N25; Fanout = 6; REG Node = 'CMPT_BCD:compteur|digit_2[2]'
            Info: Total cell delay = 2.303 ns ( 31.43 % )
            Info: Total interconnect delay = 5.024 ns ( 68.57 % )
    Info: + Micro clock to output delay of source is 0.250 ns
    Info: + Micro setup delay of destination is 1.000 ns
    Info: Delay path is controlled by inverted clocks -- if clock duty cycle is 50%, fmax is divided by two
Warning: Circuit may not operate. Detected 16 non-operational path(s) clocked by clock "clk" with clock skew larger than data delay. See Compilation Report for details.
Info: Found hold time violation between source  pin or register "Temp_MUX:mux|count[1]" and destination pin or register "Temp_MUX:mux|s_out[2]" for clock "clk" (Hold time is 2.966 ns)
    Info: + Largest clock skew is 4.804 ns
        Info: + Longest clock path from clock "clk" to destination register is 7.744 ns
            Info: 1: + IC(0.000 ns) + CELL(0.979 ns) = 0.979 ns; Loc. = PIN_E16; Fanout = 6; CLK Node = 'clk'
            Info: 2: + IC(1.424 ns) + CELL(0.787 ns) = 3.190 ns; Loc. = LCFF_X50_Y31_N11; Fanout = 7; REG Node = 'Temp_MUX:mux|count[2]'
            Info: 3: + IC(0.544 ns) + CELL(0.438 ns) = 4.172 ns; Loc. = LCCOMB_X51_Y31_N0; Fanout = 1; COMB Node = 'Temp_MUX:mux|s_out[3]~12'
            Info: 4: + IC(1.747 ns) + CELL(0.000 ns) = 5.919 ns; Loc. = CLKCTRL_G9; Fanout = 4; COMB Node = 'Temp_MUX:mux|s_out[3]~12clkctrl'
            Info: 5: + IC(1.550 ns) + CELL(0.275 ns) = 7.744 ns; Loc. = LCCOMB_X51_Y31_N16; Fanout = 6; REG Node = 'Temp_MUX:mux|s_out[2]'
            Info: Total cell delay = 2.479 ns ( 32.01 % )
            Info: Total interconnect delay = 5.265 ns ( 67.99 % )
        Info: - Shortest clock path from clock "clk" to source register is 2.940 ns
            Info: 1: + IC(0.000 ns) + CELL(0.979 ns) = 0.979 ns; Loc. = PIN_E16; Fanout = 6; CLK Node = 'clk'
            Info: 2: + IC(1.424 ns) + CELL(0.537 ns) = 2.940 ns; Loc. = LCFF_X50_Y31_N13; Fanout = 7; REG Node = 'Temp_MUX:mux|count[1]'
            Info: Total cell delay = 1.516 ns ( 51.56 % )
            Info: Total interconnect delay = 1.424 ns ( 48.44 % )
    Info: - Micro clock to output delay of source is 0.250 ns
    Info: - Shortest register to register delay is 1.588 ns
        Info: 1: + IC(0.000 ns) + CELL(0.000 ns) = 0.000 ns; Loc. = LCFF_X50_Y31_N13; Fanout = 7; REG Node = 'Temp_MUX:mux|count[1]'
        Info: 2: + IC(0.509 ns) + CELL(0.150 ns) = 0.659 ns; Loc. = LCCOMB_X51_Y31_N14; Fanout = 8; COMB Node = 'Temp_MUX:mux|LessThan2~0'
        Info: 3: + IC(0.262 ns) + CELL(0.271 ns) = 1.192 ns; Loc. = LCCOMB_X51_Y31_N2; Fanout = 1; COMB Node = 'Temp_MUX:mux|s_out[2]~16'
        Info: 4: + IC(0.246 ns) + CELL(0.150 ns) = 1.588 ns; Loc. = LCCOMB_X51_Y31_N16; Fanout = 6; REG Node = 'Temp_MUX:mux|s_out[2]'
        Info: Total cell delay = 0.571 ns ( 35.96 % )
        Info: Total interconnect delay = 1.017 ns ( 64.04 % )
    Info: + Micro hold delay of destination is 0.000 ns
    Info: Delay path is controlled by inverted clocks -- if clock duty cycle is 50%, fmax is divided by two
Info: tco from clock "clk" to destination pin "seg_out[6]" through register "Temp_MUX:mux|s_out[0]" is 18.351 ns
    Info: + Longest clock path from clock "clk" to source register is 7.757 ns
        Info: 1: + IC(0.000 ns) + CELL(0.979 ns) = 0.979 ns; Loc. = PIN_E16; Fanout = 6; CLK Node = 'clk'
        Info: 2: + IC(1.424 ns) + CELL(0.787 ns) = 3.190 ns; Loc. = LCFF_X50_Y31_N11; Fanout = 7; REG Node = 'Temp_MUX:mux|count[2]'
        Info: 3: + IC(0.544 ns) + CELL(0.438 ns) = 4.172 ns; Loc. = LCCOMB_X51_Y31_N0; Fanout = 1; COMB Node = 'Temp_MUX:mux|s_out[3]~12'
        Info: 4: + IC(1.747 ns) + CELL(0.000 ns) = 5.919 ns; Loc. = CLKCTRL_G9; Fanout = 4; COMB Node = 'Temp_MUX:mux|s_out[3]~12clkctrl'
        Info: 5: + IC(1.563 ns) + CELL(0.275 ns) = 7.757 ns; Loc. = LCCOMB_X52_Y31_N2; Fanout = 7; REG Node = 'Temp_MUX:mux|s_out[0]'
        Info: Total cell delay = 2.479 ns ( 31.96 % )
        Info: Total interconnect delay = 5.278 ns ( 68.04 % )
    Info: + Micro clock to output delay of source is 0.000 ns
    Info: + Longest register to pin delay is 10.594 ns
        Info: 1: + IC(0.000 ns) + CELL(0.000 ns) = 0.000 ns; Loc. = LCCOMB_X52_Y31_N2; Fanout = 7; REG Node = 'Temp_MUX:mux|s_out[0]'
        Info: 2: + IC(0.798 ns) + CELL(0.438 ns) = 1.236 ns; Loc. = LCCOMB_X51_Y27_N0; Fanout = 1; COMB Node = 'seven_seg:decodeur|Mux7~0'
        Info: 3: + IC(0.244 ns) + CELL(0.420 ns) = 1.900 ns; Loc. = LCCOMB_X51_Y27_N10; Fanout = 1; COMB Node = 'seven_seg:decodeur|sortie[6]~13'
        Info: 4: + IC(5.926 ns) + CELL(2.768 ns) = 10.594 ns; Loc. = PIN_AE8; Fanout = 0; PIN Node = 'seg_out[6]'
        Info: Total cell delay = 3.626 ns ( 34.23 % )
        Info: Total interconnect delay = 6.968 ns ( 65.77 % )
Info: Longest tpd from source pin "pol" to destination pin "seg_out[6]" is 15.468 ns
    Info: 1: + IC(0.000 ns) + CELL(0.842 ns) = 0.842 ns; Loc. = PIN_T28; Fanout = 7; PIN Node = 'pol'
    Info: 2: + IC(5.782 ns) + CELL(0.150 ns) = 6.774 ns; Loc. = LCCOMB_X51_Y27_N10; Fanout = 1; COMB Node = 'seven_seg:decodeur|sortie[6]~13'
    Info: 3: + IC(5.926 ns) + CELL(2.768 ns) = 15.468 ns; Loc. = PIN_AE8; Fanout = 0; PIN Node = 'seg_out[6]'
    Info: Total cell delay = 3.760 ns ( 24.31 % )
    Info: Total interconnect delay = 11.708 ns ( 75.69 % )
Info: Quartus II Classic Timing Analyzer was successful. 0 errors, 8 warnings
    Info: Peak virtual memory: 207 megabytes
    Info: Processing ended: Sun May 17 19:06:05 2020
    Info: Elapsed time: 00:00:02
    Info: Total CPU time (on all processors): 00:00:01


